<?xml version="1.0" encoding="UTF-8" ?>
<testsuite errors="0" failures="1" hostname="disbeat-asus" name="org.netbeans.modules.compapp.catd.ConfiguredTest" tests="1" time="5.966" timestamp="2009-12-01T23:26:26">
  <properties>
[...]
</properties>
  <testcase classname="org.netbeans.modules.compapp.catd.ConfiguredTest" name="TestGetCamera" time="5.907">
    <failure message="[1/Dez/2009 23:26:32] The response is not identical to the expected output." type="junit.framework.AssertionFailedError">junit.framework.AssertionFailedError: [1/Dez/2009 23:26:32] The response is not identical to the expected output.
	at org.netbeans.modules.compapp.catd.ConfiguredTest.checkExpectedOutput(ConfiguredTest.java:2143)
	at org.netbeans.modules.compapp.catd.ConfiguredTest.checkExpectedOutput(ConfiguredTest.java:2025)
	at org.netbeans.modules.compapp.catd.ConfiguredTest.testConcurrentSOAPRequest(ConfiguredTest.java:834)
</failure>
  </testcase>
  <system-out><![CDATA[{java.runtime.name=Java(TM) SE Runtime Environment, sun.boot.library.path=C:\Program Files\Java\jdk1.6.0_14\jre\bin, java.vm.version=14.0-b16, java.vm.vendor=Sun Microsystems Inc., java.vendor.url=http://java.sun.com/, path.separator=;, java.vm.name=Java HotSpot(TM) Client VM, file.encoding.pkg=sun.io, sun.java.launcher=SUN_STANDARD, user.country=PT, sun.os.patch.level=Service Pack 2, java.vm.specification.name=Java Virtual Machine Specification, user.dir=C:\Users\disbeat\Documents\NetBeansProjects\LPCO_COMPOSITE, java.runtime.version=1.6.0_14-b08, java.awt.graphicsenv=sun.awt.Win32GraphicsEnvironment, inDebug=${inDebug}, java.endorsed.dirs=C:\Program Files\Java\jdk1.6.0_14\jre\lib\endorsed, os.arch=x86, java.io.tmpdir=C:\Users\disbeat\AppData\Local\Temp\, line.separator=
, java.vm.specification.vendor=Sun Microsystems Inc., user.variant=, os.name=Windows Vista, sun.jnu.encoding=Cp1252, java.library.path=C:\Program Files\Java\jdk1.6.0_14\jre\bin;.;C:\Windows\Sun\Java\bin;C:\Windows\system32;C:\Windows;C:\Program Files\Common Files\Microsoft Shared\Windows Live;C:\oraclexe\app\oracle\product\10.2.0\server\bin;C:\Program Files\JavaFX\javafx-sdk1.2\bin;C:\Program Files\JavaFX\javafx-sdk1.2\emulator\bin;C:\Windows\system32;C:\Windows;C:\Windows\System32\Wbem;C:\Program Files\TortoiseSVN\bin;C:\Program Files\NetBeans 6.7\java2\ant\bin;C:\Program Files\QuickTime\QTSystem\;C:\Program Files\MATLAB\runtime\win32;C:\Program Files\MATLAB\bin;c:\Program Files\Microsoft SQL Server\90\Tools\binn\;C:\Program Files\VisualSVN\bin;C:\Program Files\MySQL\MySQL Server 5.1\bin;C:\Program Files\Common Files\Microsoft Shared\Windows Live, java.specification.name=Java Platform API Specification, java.class.version=50.0, sun.management.compiler=HotSpot Client Compiler, os.version=6.0, user.home=C:\Users\disbeat, user.timezone=Europe/London, java.awt.printerjob=sun.awt.windows.WPrinterJob, file.encoding=Cp1252, java.specification.version=1.6, java.class.path=C:\GlassFishESBv21\netbeans\soa2\modules\org-netbeans-modules-compapp-manager-jbi.jar;C:\GlassFishESBv21\netbeans\soa2\modules\org-netbeans-modules-compapp-projects-jbi.jar;C:\GlassFishESBv21\netbeans\soa2\modules\ext\jbi\jbi-admin-common.jar;C:\GlassFishESBv21\netbeans\soa2\modules\ext\jbi\catd.jar;C:\GlassFishESBv21\netbeans\java2\modules\ext\junit-3.8.2.jar;C:\GlassFishESBv21\netbeans\java2\modules\ext\jaxws21\api\saaj-api.jar;C:\GlassFishESBv21\netbeans\java2\modules\ext\jaxws21\saaj-impl.jar;C:\GlassFishESBv21\netbeans\java2\modules\ext\jaxws21\FastInfoset.jar;C:\GlassFishESBv21\netbeans\ide10\modules\org-netbeans-modules-editor-lib.jar;C:\GlassFishESBv21\netbeans\ide10\modules\org-netbeans-modules-editor.jar;C:\GlassFishESBv21\netbeans\ide10\modules\org-netbeans-modules-editor-util.jar;C:\GlassFishESBv21\netbeans\ide10\modules\org-netbeans-modules-editor-lib2.jar;C:\GlassFishESBv21\netbeans\ide10\modules\org-netbeans-modules-editor-indent.jar;C:\GlassFishESBv21\netbeans\ide10\modules\org-netbeans-modules-editor-plain.jar;C:\GlassFishESBv21\netbeans\ide10\modules\org-netbeans-modules-editor-plain-lib.jar;C:\GlassFishESBv21\netbeans\ide10\modules\org-netbeans-modules-editor-settings.jar;C:\GlassFishESBv21\netbeans\ide10\modules\org-netbeans-modules-editor-settings-storage.jar;C:\GlassFishESBv21\netbeans\ide10\modules\org-netbeans-modules-lexer.jar;C:\GlassFishESBv21\netbeans\ide10\modules\org-netbeans-modules-xml-core.jar;C:\GlassFishESBv21\netbeans\ide10\modules\org-netbeans-modules-xml-lexer.jar;C:\GlassFishESBv21\netbeans\ide10\modules\org-netbeans-modules-xml-text.jar;C:\GlassFishESBv21\netbeans\ide10\modules\org-netbeans-modules-xml-xdm.jar;C:\GlassFishESBv21\netbeans\ide10\modules\org-netbeans-modules-xml-xam.jar;C:\GlassFishESBv21\netbeans\ide10\modules\ext\jaxb\activation.jar;C:\GlassFishESBv21\netbeans\platform9\lib\org-openide-modules.jar;C:\GlassFishESBv21\netbeans\platform9\lib\org-openide-util.jar;C:\GlassFishESBv21\netbeans\platform9\modules\org-openide-options.jar;C:\GlassFishESBv21\netbeans\platform9\modules\org-openide-text.jar;C:\GlassFishESBv21\netbeans\platform9\modules\org-openide-loaders.jar;C:\GlassFishESBv21\netbeans\platform9\modules\org-openide-nodes.jar;C:\GlassFishESBv21\netbeans\platform9\modules\org-netbeans-modules-editor-mimelookup.jar;C:\GlassFishESBv21\netbeans\platform9\modules\org-netbeans-modules-editor-mimelookup-impl.jar;C:\GlassFishESBv21\netbeans\platform9\core\org-openide-filesystems.jar;C:\Users\disbeat\Documents\NetBeansProjects\LPCO_COMPOSITE;C:\Program Files\Java\jre6\lib\ext\QTJava.zip;C:\GlassFishESBv21\netbeans\java2\ant\lib\ant-launcher.jar;C:\GlassFishESBv21\netbeans\java2\ant\lib\ant.jar;C:\GlassFishESBv21\netbeans\java2\ant\patches\72080.jar, user.name=disbeat, java.vm.specification.version=1.0, java.home=C:\Program Files\Java\jdk1.6.0_14\jre, sun.arch.data.model=32, org.netbeans.modules.compapp.catd.context=, user.language=pt, java.specification.vendor=Sun Microsystems Inc., NetBeansUserDir=C:\GlassFishESBv21\.netbeans\glassfishesb, awt.toolkit=sun.awt.windows.WToolkit, java.vm.info=mixed mode, sharing, java.version=1.6.0_14, java.ext.dirs=C:\Program Files\Java\jdk1.6.0_14\jre\lib\ext;C:\Windows\Sun\Java\lib\ext, sun.boot.class.path=C:\Program Files\Java\jdk1.6.0_14\jre\lib\resources.jar;C:\Program Files\Java\jdk1.6.0_14\jre\lib\rt.jar;C:\Program Files\Java\jdk1.6.0_14\jre\lib\sunrsasign.jar;C:\Program Files\Java\jdk1.6.0_14\jre\lib\jsse.jar;C:\Program Files\Java\jdk1.6.0_14\jre\lib\jce.jar;C:\Program Files\Java\jdk1.6.0_14\jre\lib\charsets.jar;C:\Program Files\Java\jdk1.6.0_14\jre\classes, java.vendor=Sun Microsystems Inc., file.separator=\, java.vendor.url.bug=http://java.sun.com/cgi-bin/bugreport.cgi, sun.io.unicode.encoding=UnicodeLittle, sun.cpu.endian=little, sun.desktop=windows, sun.cpu.isalist=pentium_pro+mmx pentium_pro pentium+mmx pentium i486 i386 i86}
Test TestGetCamera\Concurrent.properties
Replace '${HttpDefaultPort}' in WSDL soap location by '9080' defined in sun-http-binding.
 Failed. (Destination: http://localhost:${HttpDefaultPort}/ProcessOrchestratorCatalogManagerService/GetCameraPort)
]]></system-out>
  <system-err><![CDATA[]]></system-err>
</testsuite>
